Serving "/Users/rahulgupta/Frontent_aiexpert" at http://127.0.0.1:5500
Ready for changes
[0mGET /$%7Bdata.url%7D [33m404[0m 1.990 ms - 154[0m
[0mGET /$%7Bdata.url%7D [33m404[0m 0.545 ms - 154[0m
[0mGET /favicon.ico [33m404[0m 4.760 ms - 150[0m
[0mGET /favicon.ico [33m404[0m 3.414 ms - 150[0m
[0mGET /favicon.ico [33m404[0m 2.068 ms - 150[0m
[0mGET /$%7Bdata.url%7D [33m404[0m 0.496 ms - 154[0m
[0mGET /$%7Bdata.url%7D [33m404[0m 0.752 ms - 154[0m
[0mGET /$%7Bdata.url%7D [33m404[0m 0.495 ms - 154[0m
[0mGET /favicon.ico [33m404[0m 0.512 ms - 150[0m
[0mGET /favicon.ico [33m404[0m 1.060 ms - 150[0m
Change detected /Users/rahulgupta/Frontent_aiexpert/service-data-entry.html
[0mGET /favicon.ico [33m404[0m 2.082 ms - 150[0m
Change detected /Users/rahulgupta/Frontent_aiexpert/service-data-entry.html
[0mGET /favicon.ico [33m404[0m 1.018 ms - 150[0m
[0mGET /$%7Bdata.url%7D [33m404[0m 5.562 ms - 154[0m
[0mGET /favicon.ico [33m404[0m 3.975 ms - 150[0m
Change detected /Users/rahulgupta/Frontent_aiexpert/fi-review.html
Change detected /Users/rahulgupta/Frontent_aiexpert/fi-review.html
Change detected /Users/rahulgupta/Frontent_aiexpert/fi-tally-entry.js
[0mGET /favicon.ico [33m404[0m 18.424 ms - 150[0m
[0mGET /favicon.ico [33m404[0m 0.533 ms - 150[0m
Change detected /Users/rahulgupta/Frontent_aiexpert/fi-review.html
Change detected /Users/rahulgupta/Frontent_aiexpert/fi-review.html
Change detected /Users/rahulgupta/Frontent_aiexpert/fi-review.html
[0mGET /favicon.ico [33m404[0m 14.328 ms - 150[0m
Change detected /Users/rahulgupta/Frontent_aiexpert/fi-review.html
[0mGET /favicon.ico [33m404[0m 1.510 ms - 150[0m
Change detected /Users/rahulgupta/Frontent_aiexpert/fi-tally-entry.js
[0mGET /favicon.ico [33m404[0m 2.168 ms - 150[0m
[0mGET /favicon.ico [33m404[0m 0.567 ms - 150[0m
Change detected /Users/rahulgupta/Frontent_aiexpert/service-financial-instruments.html
[0mGET /favicon.ico [33m404[0m 1.958 ms - 150[0m
Change detected /Users/rahulgupta/Frontent_aiexpert/fi-tally-entry.js
[0mGET /$%7Bdata.url%7D [33m404[0m 3.407 ms - 154[0m
Change detected /Users/rahulgupta/Frontent_aiexpert/fi-tally-entry.js
[0mGET /$%7Bdata.url%7D [33m404[0m 8.716 ms - 154[0m
[0mGET /$%7Bdata.url%7D [33m404[0m 2.740 ms - 154[0m
Change detected /Users/rahulgupta/Frontent_aiexpert/fi-tally-entry.js
Change detected /Users/rahulgupta/Frontent_aiexpert/fi-tally-entry.js
Change detected /Users/rahulgupta/Frontent_aiexpert/service-financial-instruments.html
[0mGET /favicon.ico [33m404[0m 5.169 ms - 150[0m
[0mGET /$%7Bdata.url%7D [33m404[0m 2.717 ms - 154[0m
Change detected /Users/rahulgupta/Frontent_aiexpert/fi-tally-entry.js
Change detected /Users/rahulgupta/Frontent_aiexpert/index.html
Change detected /Users/rahulgupta/Frontent_aiexpert/sign-in.html
Change detected /Users/rahulgupta/Frontent_aiexpert/clients.html
Change detected /Users/rahulgupta/Frontent_aiexpert/clients.html
Change detected /Users/rahulgupta/Frontent_aiexpert/.git/objects/b6/720ab8aa4405c309ce474786180ad963a63610
Change detected /Users/rahulgupta/Frontent_aiexpert/.git/objects/b6
Change detected /Users/rahulgupta/Frontent_aiexpert/.git/objects/9f/c76cdbba60ea2b5f1dad28931fe4322bae5023
Change detected /Users/rahulgupta/Frontent_aiexpert/.git/objects/9f
Change detected /Users/rahulgupta/Frontent_aiexpert/.git/objects/2e
Change detected /Users/rahulgupta/Frontent_aiexpert/.git/objects/2e/9c829b3350ca97f2d31a2f573a059a991e8112
Change detected /Users/rahulgupta/Frontent_aiexpert/.git/objects/34
Change detected /Users/rahulgupta/Frontent_aiexpert/.git/objects/34/58fe9069f83e090c5127d491d1be4db9aae7a8
Change detected /Users/rahulgupta/Frontent_aiexpert/.git/objects/ed
Change detected /Users/rahulgupta/Frontent_aiexpert/.git/objects/ed/4ec4d0d1ac8ea8d77595878d8d3c083eaf33cf
Change detected /Users/rahulgupta/Frontent_aiexpert/.git/objects/b4
Change detected /Users/rahulgupta/Frontent_aiexpert/.git/objects/b4/efdc0749329f87182e8f73b45fa7c62224e4b6
Change detected /Users/rahulgupta/Frontent_aiexpert/.git/objects/ab
Change detected /Users/rahulgupta/Frontent_aiexpert/.git/objects/ab/7f7efe2957678585725efd25bcd6217021e2a4
Change detected /Users/rahulgupta/Frontent_aiexpert/.git/objects/82/ed71945019b8e953e86b2620f1a371e9ebc615
Change detected /Users/rahulgupta/Frontent_aiexpert/.git/objects/82
Change detected /Users/rahulgupta/Frontent_aiexpert/.git/index
Change detected /Users/rahulgupta/Frontent_aiexpert/.git/index
Change detected /Users/rahulgupta/Frontent_aiexpert/.git/objects/9f/825eaf4934dd3a520b5d24e14fc3fac2236551
Change detected /Users/rahulgupta/Frontent_aiexpert/.git/objects/9f/a72843e29f24e72b917445e9b1de10d88ac439
Change detected /Users/rahulgupta/Frontent_aiexpert/.git/objects/34/41787d49070188990638b81778be4e17551596
Change detected /Users/rahulgupta/Frontent_aiexpert/.git/objects/34/c18dce3bf3be8784cd1ddd45229745affc639b
Change detected /Users/rahulgupta/Frontent_aiexpert/.git/objects/2e/3fbd25c32f437bc8219558c71d362805dc54d7
Change detected /Users/rahulgupta/Frontent_aiexpert/.git/objects/2e/cf71bc1210cef86863c5bd196ea288e3912ba7
Change detected /Users/rahulgupta/Frontent_aiexpert/.git/objects/2e/b7373cc648483ff23e0f1dd4484f5a6f2590b4
Change detected /Users/rahulgupta/Frontent_aiexpert/.git/objects/b6/5ae6329c9f4095c78338ba6f989c646bbc501d
Change detected /Users/rahulgupta/Frontent_aiexpert/.git/objects/ed/9b815b21c8e923d002a0a33079d7012ba7e56b
Change detected /Users/rahulgupta/Frontent_aiexpert/.git/objects/ed/8c9a5c039ad6dae36eed085e12336a4ff2931d
Change detected /Users/rahulgupta/Frontent_aiexpert/.git/objects/ab/97e7064bb9372a06c39ff765b0073f1ca9e2d4
Change detected /Users/rahulgupta/Frontent_aiexpert/.git/objects/ab/ea79d033fa2b8339dd32af35ed0f5ade8cdfff
Change detected /Users/rahulgupta/Frontent_aiexpert/.git/objects/ab/000ec26444a1e92b6f198274c3036bc4ffb3f6
Change detected /Users/rahulgupta/Frontent_aiexpert/.git/COMMIT_EDITMSG
Change detected /Users/rahulgupta/Frontent_aiexpert/.git/logs/HEAD
Change detected /Users/rahulgupta/Frontent_aiexpert/.git/logs/refs/heads/main
Change detected /Users/rahulgupta/Frontent_aiexpert/.git/objects/24/b2e5c284081bd9c5c0e4590fb5b9494c92841c
Change detected /Users/rahulgupta/Frontent_aiexpert/.git/objects/24
Change detected /Users/rahulgupta/Frontent_aiexpert/.git/index
Change detected /Users/rahulgupta/Frontent_aiexpert/.git/objects/74/3488ef27b4240e475eeeec201e315be97b2b39
Change detected /Users/rahulgupta/Frontent_aiexpert/.git/objects/74
Change detected /Users/rahulgupta/Frontent_aiexpert/.git/refs/heads/main
Change detected /Users/rahulgupta/Frontent_aiexpert/.git/refs/heads/main
Change detected /Users/rahulgupta/Frontent_aiexpert/.git/objects/74/7bf6cab999a9afe0b1da4acb59617ebcf27a01
Change detected /Users/rahulgupta/Frontent_aiexpert/.git/objects/74/826f4006b1c940c3e3344c1e2a0335a379b725
Change detected /Users/rahulgupta/Frontent_aiexpert/.git/objects/74/f413695026ec640540cab23ed6ffb2a13120da
Change detected /Users/rahulgupta/Frontent_aiexpert/.git/objects/24/3c0ffe9f8dd6f17423b51ff7fa446cd00734ae
Change detected /Users/rahulgupta/Frontent_aiexpert/.git/objects/24/4d980bafe2925769c3ffb21a196e63f5563177
Change detected /Users/rahulgupta/Frontent_aiexpert/.git/logs/refs/remotes/origin/main
Change detected /Users/rahulgupta/Frontent_aiexpert/.git/refs/remotes/origin/main
Change detected /Users/rahulgupta/Frontent_aiexpert/.git/refs/remotes/origin/main
Change detected /Users/rahulgupta/Frontent_aiexpert/client-list.html
Change detected /Users/rahulgupta/Frontent_aiexpert/client-list.html
Change detected /Users/rahulgupta/Frontent_aiexpert/services-dashboard.html
Change detected /Users/rahulgupta/Frontent_aiexpert/services-dashboard.html
Change detected /Users/rahulgupta/Frontent_aiexpert/services-dashboard.html
Change detected /Users/rahulgupta/Frontent_aiexpert/services-dashboard.html
Change detected /Users/rahulgupta/Frontent_aiexpert/app-client-nav.js
Change detected /Users/rahulgupta/Frontent_aiexpert/service-data-entry-overview.html
[0mGET /$%7Bdata.url%7D [33m404[0m 6.157 ms - 154[0m
[0mGET /$%7Bdata.url%7D [33m404[0m 0.734 ms - 154[0m
[0mGET /$%7Bdata.url%7D [33m404[0m 1.716 ms - 154[0m
[0mGET /favicon.ico [33m404[0m 1.430 ms - 150[0m
[0mGET /$%7Bdata.url%7D [33m404[0m 0.642 ms - 154[0m
[0mGET /$%7Bdata.url%7D [33m404[0m 0.633 ms - 154[0m
[0mGET /favicon.ico [33m404[0m 0.627 ms - 150[0m
Change detected /Users/rahulgupta/Frontent_aiexpert/service-gst-refund-webview.html
Change detected /Users/rahulgupta/Frontent_aiexpert/service-gst-refund-webview.html
[0mGET /favicon.ico [33m404[0m 3.010 ms - 150[0m
Change detected /Users/rahulgupta/Frontent_aiexpert/service-data-entry.html
Change detected /Users/rahulgupta/Frontent_aiexpert/service-gst-refund-webview.html
Change detected /Users/rahulgupta/Frontent_aiexpert/service-income-tax.html
Change detected /Users/rahulgupta/Frontent_aiexpert/service-audit.html
Change detected /Users/rahulgupta/Frontent_aiexpert/service-statutory-reporting.html
Change detected /Users/rahulgupta/Frontent_aiexpert/service-financial-instruments.html
Change detected /Users/rahulgupta/Frontent_aiexpert/tool-gstr1-vs-3b.html
Change detected /Users/rahulgupta/Frontent_aiexpert/tool-gstr1-vs-einv.html
Change detected /Users/rahulgupta/Frontent_aiexpert/tool-gstr2b-vs-pr.html
Change detected /Users/rahulgupta/Frontent_aiexpert/tool-ims-vs-pr.html
Change detected /Users/rahulgupta/Frontent_aiexpert/tool-einv-vs-sr.html
Change detected /Users/rahulgupta/Frontent_aiexpert/tool-statement3.html
Change detected /Users/rahulgupta/Frontent_aiexpert/tool-annexure-b.html
Change detected /Users/rahulgupta/Frontent_aiexpert/tool-rule42-itc.html
Change detected /Users/rahulgupta/Frontent_aiexpert/fy-utils.js
[0mGET /favicon.ico [33m404[0m 11.559 ms - 150[0m
[0mGET /favicon.ico [33m404[0m 1.067 ms - 150[0m
[0mGET /$%7Bdata.url%7D [33m404[0m 3.089 ms - 154[0m
Change detected /Users/rahulgupta/Frontent_aiexpert/fy-utils.js
Change detected /Users/rahulgupta/Frontent_aiexpert/fy-utils.js
Change detected /Users/rahulgupta/Frontent_aiexpert/fy-utils.js
Change detected /Users/rahulgupta/Frontent_aiexpert/tool-sidebar.js
Change detected /Users/rahulgupta/Frontent_aiexpert/app-sidebar.js
Change detected /Users/rahulgupta/Frontent_aiexpert/clients.html
Change detected /Users/rahulgupta/Frontent_aiexpert/index.html
CSS change detected /Users/rahulgupta/Frontent_aiexpert/sidebar.css
Change detected /Users/rahulgupta/Frontent_aiexpert/clients.html
Change detected /Users/rahulgupta/Frontent_aiexpert/clients.html
Change detected /Users/rahulgupta/Frontent_aiexpert/bank-review.html
Change detected /Users/rahulgupta/Frontent_aiexpert/client-list.html
Change detected /Users/rahulgupta/Frontent_aiexpert/fi-review.html
Change detected /Users/rahulgupta/Frontent_aiexpert/service-financial-instruments.html
Change detected /Users/rahulgupta/Frontent_aiexpert/service-gst-refund-webview.html
Change detected /Users/rahulgupta/Frontent_aiexpert/transaction-review.html
CSS change detected /Users/rahulgupta/Frontent_aiexpert/data-entry.css
CSS change detected /Users/rahulgupta/Frontent_aiexpert/financial-statements.css
CSS change detected /Users/rahulgupta/Frontent_aiexpert/styles.css
CSS change detected /Users/rahulgupta/Frontent_aiexpert/financial-instruments.css
Change detected /Users/rahulgupta/Frontent_aiexpert/client-list.html
[0mGET /favicon.ico [33m404[0m 7.603 ms - 150[0m
[0mGET /favicon.ico [33m404[0m 2.694 ms - 150[0m
[0mGET /favicon.ico [33m404[0m 0.473 ms - 150[0m
[0mGET /favicon.ico [33m404[0m 0.381 ms - 150[0m
[0mGET /favicon.ico [33m404[0m 0.511 ms - 150[0m
[0mGET /favicon.ico [33m404[0m 0.769 ms - 150[0m
[0mGET /favicon.ico [33m404[0m 1.725 ms - 150[0m
[0mGET /favicon.ico [33m404[0m 1.007 ms - 150[0m
[0mGET /favicon.ico [33m404[0m 0.410 ms - 150[0m
[0mGET /favicon.ico [33m404[0m 0.384 ms - 150[0m
Change detected /Users/rahulgupta/Frontent_aiexpert/service-data-entry.html
Change detected /Users/rahulgupta/Frontent_aiexpert/service-data-entry.html
Change detected /Users/rahulgupta/Frontent_aiexpert/service-data-entry.html
Change detected /Users/rahulgupta/Frontent_aiexpert/service-data-entry.html
CSS change detected /Users/rahulgupta/Frontent_aiexpert/data-entry.css
Change detected /Users/rahulgupta/Frontent_aiexpert/service-data-entry.html
Change detected /Users/rahulgupta/Frontent_aiexpert/service-data-entry.html
Change detected /Users/rahulgupta/Frontent_aiexpert/service-data-entry.html
CSS change detected /Users/rahulgupta/Frontent_aiexpert/data-entry.css
CSS change detected /Users/rahulgupta/Frontent_aiexpert/data-entry.css
Change detected /Users/rahulgupta/Frontent_aiexpert/service-mis-report.html
Change detected /Users/rahulgupta/Frontent_aiexpert/service-depreciation.html
CSS change detected /Users/rahulgupta/Frontent_aiexpert/statutory-reporting.css
Change detected /Users/rahulgupta/Frontent_aiexpert/service-depreciation.html
Change detected /Users/rahulgupta/Frontent_aiexpert/service-depreciation.html
Change detected /Users/rahulgupta/Frontent_aiexpert/service-depreciation.html
Change detected /Users/rahulgupta/Frontent_aiexpert/service-depreciation.html
Change detected /Users/rahulgupta/Frontent_aiexpert/service-depreciation.html
Change detected /Users/rahulgupta/Frontent_aiexpert/service-depreciation.html
Change detected /Users/rahulgupta/Frontent_aiexpert/service-depreciation.html
CSS change detected /Users/rahulgupta/Frontent_aiexpert/statutory-reporting.css
Change detected /Users/rahulgupta/Frontent_aiexpert/service-depreciation.html
Change detected /Users/rahulgupta/Frontent_aiexpert/service-depreciation.html
Change detected /Users/rahulgupta/Frontent_aiexpert/service-depreciation.html
Change detected /Users/rahulgupta/Frontent_aiexpert/service-depreciation.html
Change detected /Users/rahulgupta/Frontent_aiexpert/service-depreciation.html
Change detected /Users/rahulgupta/Frontent_aiexpert/service-depreciation.html
Change detected /Users/rahulgupta/Frontent_aiexpert/service-depreciation.html
Change detected /Users/rahulgupta/Frontent_aiexpert/service-depreciation.html
Change detected /Users/rahulgupta/Frontent_aiexpert/service-depreciation.html
Change detected /Users/rahulgupta/Frontent_aiexpert/service-depreciation.html
Change detected /Users/rahulgupta/Frontent_aiexpert/service-depreciation.html
Change detected /Users/rahulgupta/Frontent_aiexpert/service-depreciation.html
Change detected /Users/rahulgupta/Frontent_aiexpert/service-depreciation.html
CSS change detected /Users/rahulgupta/Frontent_aiexpert/statutory-reporting.css
Change detected /Users/rahulgupta/Frontent_aiexpert/service-depreciation.html
Change detected /Users/rahulgupta/Frontent_aiexpert/service-depreciation.html
Change detected /Users/rahulgupta/Frontent_aiexpert/service-depreciation.html
Change detected /Users/rahulgupta/Frontent_aiexpert/service-depreciation.html
Change detected /Users/rahulgupta/Frontent_aiexpert/service-data-entry.html
Change detected /Users/rahulgupta/Frontent_aiexpert/app-sidebar.js
Change detected /Users/rahulgupta/Frontent_aiexpert/tool-sidebar.js
Change detected /Users/rahulgupta/Frontent_aiexpert/app-topbar.js
Change detected /Users/rahulgupta/Frontent_aiexpert/app-topbar.js
Change detected /Users/rahulgupta/Frontent_aiexpert/app-topbar.js
Change detected /Users/rahulgupta/Frontent_aiexpert/ca-certificates.html
Change detected /Users/rahulgupta/Frontent_aiexpert/client-list.html
Change detected /Users/rahulgupta/Frontent_aiexpert/app-sidebar.js
Change detected /Users/rahulgupta/Frontent_aiexpert/service-gst-refund-webview.html
Change detected /Users/rahulgupta/Frontent_aiexpert/service-gst-refund-webview.html
Change detected /Users/rahulgupta/Frontent_aiexpert/service-data-entry.html
Change detected /Users/rahulgupta/Frontent_aiexpert/app-sidebar.js
Change detected /Users/rahulgupta/Frontent_aiexpert/ca-certificates.html
Change detected /Users/rahulgupta/Frontent_aiexpert/service-financial-statements.html
Change detected /Users/rahulgupta/Frontent_aiexpert/service-financial-statements.html
Change detected /Users/rahulgupta/Frontent_aiexpert/service-financial-instruments.html
Change detected /Users/rahulgupta/Frontent_aiexpert/service-statutory-reporting.html
Change detected /Users/rahulgupta/Frontent_aiexpert/fi-tally-entry.js
Change detected /Users/rahulgupta/Frontent_aiexpert/service-statutory-reporting.html
Change detected /Users/rahulgupta/Frontent_aiexpert/service-statutory-reporting.html
Change detected /Users/rahulgupta/Frontent_aiexpert/service-form3cd.html
Change detected /Users/rahulgupta/Frontent_aiexpert/service-caro.html
Change detected /Users/rahulgupta/Frontent_aiexpert/service-rule42.html
Change detected /Users/rahulgupta/Frontent_aiexpert/service-depreciation.html
Change detected /Users/rahulgupta/Frontent_aiexpert/service-financial-statements.html
Change detected /Users/rahulgupta/Frontent_aiexpert/ca-certificates.html
Change detected /Users/rahulgupta/Frontent_aiexpert/app-sidebar.js
Change detected /Users/rahulgupta/Frontent_aiexpert/gst-refund.html
Change detected /Users/rahulgupta/Frontent_aiexpert/clients.html
Change detected /Users/rahulgupta/Frontent_aiexpert/service-financial-instruments.html
Change detected /Users/rahulgupta/Frontent_aiexpert/fi-tally-entry.js
Change detected /Users/rahulgupta/Frontent_aiexpert/service-financial-instruments.html
Change detected /Users/rahulgupta/Frontent_aiexpert/service-financial-instruments.html
Change detected /Users/rahulgupta/Frontent_aiexpert/service-data-entry.html
Change detected /Users/rahulgupta/Frontent_aiexpert/service-data-entry.html
Change detected /Users/rahulgupta/Frontent_aiexpert/refund-calculator.html
Change detected /Users/rahulgupta/Frontent_aiexpert/service-gst-refund-webview.html
Change detected /Users/rahulgupta/Frontent_aiexpert/service-gst-refund-webview.html
Change detected /Users/rahulgupta/Frontent_aiexpert/gst-refund.html
CSS change detected /Users/rahulgupta/Frontent_aiexpert/refund-calculator.css
CSS change detected /Users/rahulgupta/Frontent_aiexpert/refund-calculator.css
CSS change detected /Users/rahulgupta/Frontent_aiexpert/tool-layout.css
Change detected /Users/rahulgupta/Frontent_aiexpert/tool-sidebar.js
Change detected /Users/rahulgupta/Frontent_aiexpert/service-statutory-reporting.html
Change detected /Users/rahulgupta/Frontent_aiexpert/service-statutory-reporting.html
Change detected /Users/rahulgupta/Frontent_aiexpert/service-statutory-reporting.html
Change detected /Users/rahulgupta/Frontent_aiexpert/service-statutory-reporting.html
Change detected /Users/rahulgupta/Frontent_aiexpert/service-statutory-reporting.html
Change detected /Users/rahulgupta/Frontent_aiexpert/fy-utils.js
Change detected /Users/rahulgupta/Frontent_aiexpert/service-form3cd.html
Change detected /Users/rahulgupta/Frontent_aiexpert/service-income-tax.html
Change detected /Users/rahulgupta/Frontent_aiexpert/fy-utils.js
Change detected /Users/rahulgupta/Frontent_aiexpert/fy-utils.js
Change detected /Users/rahulgupta/Frontent_aiexpert/fy-utils.js
Change detected /Users/rahulgupta/Frontent_aiexpert/fy-utils.js
Change detected /Users/rahulgupta/Frontent_aiexpert/services-dashboard.html
Change detected /Users/rahulgupta/Frontent_aiexpert/app-client-nav.js
Change detected /Users/rahulgupta/Frontent_aiexpert/services-dashboard.html
Change detected /Users/rahulgupta/Frontent_aiexpert/app-sidebar.js
Change detected /Users/rahulgupta/Frontent_aiexpert/app-sidebar.js
Change detected /Users/rahulgupta/Frontent_aiexpert/app-sidebar.js
Change detected /Users/rahulgupta/Frontent_aiexpert/app-sidebar.js
Change detected /Users/rahulgupta/Frontent_aiexpert/app-topbar.js
Change detected /Users/rahulgupta/Frontent_aiexpert/app-topbar.js
Change detected /Users/rahulgupta/Frontent_aiexpert/app-topbar.js
Change detected /Users/rahulgupta/Frontent_aiexpert/app-topbar.js
Change detected /Users/rahulgupta/Frontent_aiexpert/app-sidebar.js
Change detected /Users/rahulgupta/Frontent_aiexpert/transactions.html
Change detected /Users/rahulgupta/Frontent_aiexpert/transactions.html
Change detected /Users/rahulgupta/Frontent_aiexpert/transactions.html
Change detected /Users/rahulgupta/Frontent_aiexpert/transactions.html
Change detected /Users/rahulgupta/Frontent_aiexpert/mis-reports.html
Change detected /Users/rahulgupta/Frontent_aiexpert/mis-reports.html
Change detected /Users/rahulgupta/Frontent_aiexpert/transactions.html
Change detected /Users/rahulgupta/Frontent_aiexpert/transactions.html
Change detected /Users/rahulgupta/Frontent_aiexpert/service-data-entry.html
Change detected /Users/rahulgupta/Frontent_aiexpert/service-data-entry.html
Change detected /Users/rahulgupta/Frontent_aiexpert/mis-reports.html
Change detected /Users/rahulgupta/Frontent_aiexpert/mis-reports.html
Change detected /Users/rahulgupta/Frontent_aiexpert/app-topbar.js
Change detected /Users/rahulgupta/Frontent_aiexpert/app-topbar.js
Change detected /Users/rahulgupta/Frontent_aiexpert/app-topbar.js
Change detected /Users/rahulgupta/Frontent_aiexpert/client-list.html
Change detected /Users/rahulgupta/Frontent_aiexpert/service-data-entry.html
Change detected /Users/rahulgupta/Frontent_aiexpert/.git/objects/d1/d14a7eaf19a28ebe101b9c6a028b591a7028b0
Change detected /Users/rahulgupta/Frontent_aiexpert/.git/objects/d1
Change detected /Users/rahulgupta/Frontent_aiexpert/.git/objects/7e
Change detected /Users/rahulgupta/Frontent_aiexpert/.git/objects/7e/7899b2fc837dffac8ec8e3955bfb0cf72d244d
Change detected /Users/rahulgupta/Frontent_aiexpert/.git/objects/6c
Change detected /Users/rahulgupta/Frontent_aiexpert/.git/objects/6c/bacda82f1c2d8e02a0b41fdad465f7018f14fa
Change detected /Users/rahulgupta/Frontent_aiexpert/.git/objects/05
Change detected /Users/rahulgupta/Frontent_aiexpert/.git/objects/05/46037d049f5be4049148a6124fe8b68ed9a94b
Change detected /Users/rahulgupta/Frontent_aiexpert/.git/objects/54/6448fd68d91ee32730b576718fdef39407e6c1
Change detected /Users/rahulgupta/Frontent_aiexpert/.git/objects/54
Change detected /Users/rahulgupta/Frontent_aiexpert/.git/objects/d5/6b8d2d077a6d79559d07850ba8ba1783eb20d1
Change detected /Users/rahulgupta/Frontent_aiexpert/.git/objects/d5
Change detected /Users/rahulgupta/Frontent_aiexpert/.git/objects/f5/84e4cac03fed4ddf784fb69b2c0d4dcf572c33
Change detected /Users/rahulgupta/Frontent_aiexpert/.git/objects/41/44f7bf3ac4d828f6eb9e390926e61b6449ad7d
Change detected /Users/rahulgupta/Frontent_aiexpert/.git/objects/c1
Change detected /Users/rahulgupta/Frontent_aiexpert/.git/objects/c1/30706ccc50271a0902580fff0d59f68975fca1
Change detected /Users/rahulgupta/Frontent_aiexpert/.git/objects/64/9971176a8c99d608cb554717e9774be62f4097
Change detected /Users/rahulgupta/Frontent_aiexpert/.git/objects/64
Change detected /Users/rahulgupta/Frontent_aiexpert/.git/objects/4d/f6ef46e88121265c97cf91c1d3b696ef8f6423
Change detected /Users/rahulgupta/Frontent_aiexpert/.git/objects/4d
Change detected /Users/rahulgupta/Frontent_aiexpert/.git/objects/80/e70a56c18cc6a703f8e949dc3e7598942df79c
Change detected /Users/rahulgupta/Frontent_aiexpert/.git/objects/80
Change detected /Users/rahulgupta/Frontent_aiexpert/.git/objects/15
Change detected /Users/rahulgupta/Frontent_aiexpert/.git/objects/15/88fe8b01510750352d8f476e057ca757c4bea5
Change detected /Users/rahulgupta/Frontent_aiexpert/.git/objects/cd/a009f962b027322538c31280b57c868abb657a
Change detected /Users/rahulgupta/Frontent_aiexpert/.git/objects/e1
Change detected /Users/rahulgupta/Frontent_aiexpert/.git/objects/e1/36672ecc33df2a0212a8f612890537e6388b32
Change detected /Users/rahulgupta/Frontent_aiexpert/.git/objects/e6
Change detected /Users/rahulgupta/Frontent_aiexpert/.git/objects/e6/4cb53626d9e4c9b13fe77088d795df95def936
Change detected /Users/rahulgupta/Frontent_aiexpert/.git/objects/b1
Change detected /Users/rahulgupta/Frontent_aiexpert/.git/objects/b1/87ef8800865a3ac069610560ab709239d87081
Change detected /Users/rahulgupta/Frontent_aiexpert/.git/objects/f5/c65f3a3723450ea1d35de32604dd2d07248de4
Change detected /Users/rahulgupta/Frontent_aiexpert/.git/objects/ab
Change detected /Users/rahulgupta/Frontent_aiexpert/.git/objects/ab/c23cf4c30a9223b85bbad1a4084b1d06d469b7
Change detected /Users/rahulgupta/Frontent_aiexpert/.git/objects/1a/857daab8d24d37747bed9b965c4f6f7e772695
Change detected /Users/rahulgupta/Frontent_aiexpert/.git/objects/1a
Change detected /Users/rahulgupta/Frontent_aiexpert/.git/objects/90/4a3b40342b92105ea18b8c363dd7bb8c8fd0c4
Change detected /Users/rahulgupta/Frontent_aiexpert/.git/objects/90/50cb64ca4a208b7443b1b5c183a32dbf70ce72
Change detected /Users/rahulgupta/Frontent_aiexpert/.git/objects/90
Change detected /Users/rahulgupta/Frontent_aiexpert/.git/objects/51/de3f430a00adbf0b2fd37d596607441b859689
Change detected /Users/rahulgupta/Frontent_aiexpert/.git/objects/51
Change detected /Users/rahulgupta/Frontent_aiexpert/.git/objects/4e/535fb7cc0c86a109e4f479fc8d38a2420f03ad
Change detected /Users/rahulgupta/Frontent_aiexpert/.git/objects/4e
Change detected /Users/rahulgupta/Frontent_aiexpert/.git/objects/f5/bec42883f5e4e364f842c01b1f892318286fff
Change detected /Users/rahulgupta/Frontent_aiexpert/.git/objects/f5
Change detected /Users/rahulgupta/Frontent_aiexpert/.git/objects/5e/331575786a1f69b13bc5f9a19cb576c1381518
Change detected /Users/rahulgupta/Frontent_aiexpert/.git/objects/5e
Change detected /Users/rahulgupta/Frontent_aiexpert/.git/objects/6b/ce0ae9f9f69825c2152e5873f8e78897027f22
Change detected /Users/rahulgupta/Frontent_aiexpert/.git/objects/6b
Change detected /Users/rahulgupta/Frontent_aiexpert/.git/objects/4f/669e7c312dbf164958a9d42775b9c0e758e13b
Change detected /Users/rahulgupta/Frontent_aiexpert/.git/objects/91/5ddf7e8fdf0abba76c17e5e5e58aa5c8b13d92
Change detected /Users/rahulgupta/Frontent_aiexpert/.git/objects/4f
Change detected /Users/rahulgupta/Frontent_aiexpert/.git/objects/91
Change detected /Users/rahulgupta/Frontent_aiexpert/.git/objects/75/738a0b7089377f055e81349cd124f51911c4f7
Change detected /Users/rahulgupta/Frontent_aiexpert/.git/objects/75
Change detected /Users/rahulgupta/Frontent_aiexpert/.git/objects/e3/57f60a11e1b83913687356d8bba13dc294f007
Change detected /Users/rahulgupta/Frontent_aiexpert/.git/objects/e3
Change detected /Users/rahulgupta/Frontent_aiexpert/.git/objects/71/457d76ffa4e842c728ed2e41a811f46e5c33b8
Change detected /Users/rahulgupta/Frontent_aiexpert/.git/objects/71
Change detected /Users/rahulgupta/Frontent_aiexpert/.git/objects/71/8e9a388901cc10caf466ac9d2eaa3fae0b58dd
Change detected /Users/rahulgupta/Frontent_aiexpert/.git/objects/1f
Change detected /Users/rahulgupta/Frontent_aiexpert/.git/objects/1f/e2b292a58106a1e221b75847647a0a2050b542
Change detected /Users/rahulgupta/Frontent_aiexpert/.git/objects/7d/f2416852e66f5ea6aa2a49a73b7310cfc4f42a
Change detected /Users/rahulgupta/Frontent_aiexpert/.git/objects/3e/4c797cd4d2e41510543487b0774a312058bc24
Change detected /Users/rahulgupta/Frontent_aiexpert/.git/objects/3e
Change detected /Users/rahulgupta/Frontent_aiexpert/.git/objects/b8/a2fafb2f0a44a1b693db4fb9c87ddf66e58fe6
Change detected /Users/rahulgupta/Frontent_aiexpert/.git/objects/b8
Change detected /Users/rahulgupta/Frontent_aiexpert/.git/objects/58
Change detected /Users/rahulgupta/Frontent_aiexpert/.git/objects/58/3a8dbbb7dc3fbba16dbc2db8ba841e90e0ead7
Change detected /Users/rahulgupta/Frontent_aiexpert/.git/objects/6e/07141ed70126ece1540470aec2ba12e23cc173
Change detected /Users/rahulgupta/Frontent_aiexpert/.git/objects/6e
Change detected /Users/rahulgupta/Frontent_aiexpert/.git/objects/69
Change detected /Users/rahulgupta/Frontent_aiexpert/.git/objects/69/b2c90c476ca7cad66e5fb4cf961e5f7b7bbd56
Change detected /Users/rahulgupta/Frontent_aiexpert/.git/objects/b2
Change detected /Users/rahulgupta/Frontent_aiexpert/.git/objects/b2/878cb3d1bae16378d7c1f1e2aca1ce440290a9
Change detected /Users/rahulgupta/Frontent_aiexpert/.git/objects/01
Change detected /Users/rahulgupta/Frontent_aiexpert/.git/objects/01/d749278f8794afb51eab1d9e8eca75c54cc76e
Change detected /Users/rahulgupta/Frontent_aiexpert/.git/objects/d3/8db51d242f54819f923c3745056e2cb4538a99
Change detected /Users/rahulgupta/Frontent_aiexpert/.git/objects/d3
Change detected /Users/rahulgupta/Frontent_aiexpert/.git/objects/fc/8b0690e492463ab2e28a8bdebab71d44fe59bf
Change detected /Users/rahulgupta/Frontent_aiexpert/.git/objects/fc
Change detected /Users/rahulgupta/Frontent_aiexpert/.git/objects/7d/1a71b61f2c47d4e4d0657a56172c1ab804bfe6
Change detected /Users/rahulgupta/Frontent_aiexpert/.git/objects/7d
Change detected /Users/rahulgupta/Frontent_aiexpert/.git/objects/cd/dcbc8ee0605b9bdefbef1cd64818b608e75e56
Change detected /Users/rahulgupta/Frontent_aiexpert/.git/objects/cd
Change detected /Users/rahulgupta/Frontent_aiexpert/.git/objects/41
Change detected /Users/rahulgupta/Frontent_aiexpert/.git/objects/41/bde2e8f56d612d99a049aff8693d105345be6f
Change detected /Users/rahulgupta/Frontent_aiexpert/.git/objects/29/fc7e97aba4f3f817a85fa107912f51e487f2cd
Change detected /Users/rahulgupta/Frontent_aiexpert/.git/objects/29
Change detected /Users/rahulgupta/Frontent_aiexpert/.git/index
Change detected /Users/rahulgupta/Frontent_aiexpert/.git/objects/54/515ea38aa4fc4f07e1c0c49885f8e3909b2b36
Change detected /Users/rahulgupta/Frontent_aiexpert/.git/objects/54/e7bdc546ee2d42b6d67d5809f1bf1f46383fb9
Change detected /Users/rahulgupta/Frontent_aiexpert/.git/objects/54/32f20a8450689c528dce192b8db9cdfc3f7e77
Change detected /Users/rahulgupta/Frontent_aiexpert/.git/objects/54/544c297fd69b9097e49795ae5d75b467bb11e6
Change detected /Users/rahulgupta/Frontent_aiexpert/.git/objects/c1/efcf51b72f968b094b2c55dfdc805639bf506b
Change detected /Users/rahulgupta/Frontent_aiexpert/.git/objects/c1/84e4e4752e9fb9b30e9d46a485e994e142664b
Change detected /Users/rahulgupta/Frontent_aiexpert/.git/objects/c1/fc7bc439f3124299f348194d5645078b19c1fb
Change detected /Users/rahulgupta/Frontent_aiexpert/.git/objects/d5/39bb8211161750e0079a44f5b7742e24e09fc4
Change detected /Users/rahulgupta/Frontent_aiexpert/.git/objects/d5/f2ed374a473f2460ef144cc42585e0a7a28a2c
Change detected /Users/rahulgupta/Frontent_aiexpert/.git/objects/d5/50a7e03cb318e12ad87fd818a4552ab26a8f48
Change detected /Users/rahulgupta/Frontent_aiexpert/.git/objects/64/652dab307522d9ad3a0d568952a1c36111f8d4
Change detected /Users/rahulgupta/Frontent_aiexpert/.git/objects/64/ad639ba839296561e701dc0d7d0adc1ff10fd2
Change detected /Users/rahulgupta/Frontent_aiexpert/.git/objects/64/06be24674b30f413ac0ff2d54c715a233f26b3
Change detected /Users/rahulgupta/Frontent_aiexpert/.git/objects/d1/3cd4b09d20ccfdd32a004347fd486cef085fcc
Change detected /Users/rahulgupta/Frontent_aiexpert/.git/objects/d1/c878330ea2aa4aa6407b6e8e6da12ebfc118e4
Change detected /Users/rahulgupta/Frontent_aiexpert/.git/objects/d1/341f12d83b3e87e115c172c2c78a6ee860b9d0
Change detected /Users/rahulgupta/Frontent_aiexpert/.git/objects/d1/7c0dc4b126a3dcabfed8853223b8fa326a7d19
Change detected /Users/rahulgupta/Frontent_aiexpert/.git/objects/d1/631567b4eb376b9025ae02536acfd5d70c3b13
Change detected /Users/rahulgupta/Frontent_aiexpert/.git/objects/e1/911893f76ef49b95ce0cfd8389e06a562e2506
Change detected /Users/rahulgupta/Frontent_aiexpert/.git/objects/e1/993b9add0523cd06166038e28f99abaac83514
Change detected /Users/rahulgupta/Frontent_aiexpert/.git/objects/e1/9d98f345f3c01c83fa2644a04c04ee9f80d8a6
Change detected /Users/rahulgupta/Frontent_aiexpert/.git/objects/7e/7cfca62314aa134e2aa8d721a24c16786fa7ef
Change detected /Users/rahulgupta/Frontent_aiexpert/.git/objects/7e/2bdc1b836f5fd987add48d5437263dfb01a4ad
Change detected /Users/rahulgupta/Frontent_aiexpert/.git/objects/7e/548b6c1883c2e3a5616c9794bb8b79bf68621c
Change detected /Users/rahulgupta/Frontent_aiexpert/.git/objects/6c/2c34f4614c502763e9ea2308850dd5ef5f4207
Change detected /Users/rahulgupta/Frontent_aiexpert/.git/objects/6c/7618127e473eb94ba7d54c2ca269751f766c09
Change detected /Users/rahulgupta/Frontent_aiexpert/.git/objects/e6/b3d4beb6dc23578b82d73cdd0f79598f596c71
Change detected /Users/rahulgupta/Frontent_aiexpert/.git/objects/15/6a993f27aa5a4474196b005e4a549e23576648
Change detected /Users/rahulgupta/Frontent_aiexpert/.git/objects/15/2fa940834088dd7bf3349d589e49631da64491
Change detected /Users/rahulgupta/Frontent_aiexpert/.git/objects/15/70e5f7c961a9c71518d1c924f16df326e1e943
Change detected /Users/rahulgupta/Frontent_aiexpert/.git/objects/b1/672426101c35be337dad1031e079c75c339827
Change detected /Users/rahulgupta/Frontent_aiexpert/.git/objects/b1/78e08e6d4f90e6d8959fc0201f66b67eb593cc
Change detected /Users/rahulgupta/Frontent_aiexpert/.git/objects/05/346399cdddcfa3e9180ad915b54d5ae1f047df
Change detected /Users/rahulgupta/Frontent_aiexpert/.git/objects/05/e25a1d199f0946f3a261e0a6e869fc3c542862
Change detected /Users/rahulgupta/Frontent_aiexpert/.git/objects/1a/28040a16d2c3998f1bdfaf9afea988ac21520f
Change detected /Users/rahulgupta/Frontent_aiexpert/.git/objects/1a/069b0c74859e297f4661a1f9b5b67472d666c0
Change detected /Users/rahulgupta/Frontent_aiexpert/.git/objects/1a/aa0dae25eb95efabee7592eeec4056d4829f34
Change detected /Users/rahulgupta/Frontent_aiexpert/.git/objects/90/89ec44aefc6f9683f56f79102c0b1ce30edcdb
Change detected /Users/rahulgupta/Frontent_aiexpert/.git/objects/90/360f1ecb2fc2aef2d85ed2ff1d1b95bc4cd3ce
Change detected /Users/rahulgupta/Frontent_aiexpert/.git/objects/90/bde601d0cbc00dd3e3895535a882517c836e6b
Change detected /Users/rahulgupta/Frontent_aiexpert/.git/objects/80/88f85f3dbfc04aa85f9bd3c6e2aac561f2cab5
Change detected /Users/rahulgupta/Frontent_aiexpert/.git/objects/80/9c6e10d9111a8921f6b47a46be2f697e53723d
Change detected /Users/rahulgupta/Frontent_aiexpert/.git/objects/80/9b8e6a71ec35a67e2d4bc9914212ed180b7407
Change detected /Users/rahulgupta/Frontent_aiexpert/.git/objects/80/ca1f2c022b17c083d833c740c491fab9cb3f3f
Change detected /Users/rahulgupta/Frontent_aiexpert/.git/objects/51/2ab68dce6d52c1d3526e5b1c1d5be20b7b72ff
Change detected /Users/rahulgupta/Frontent_aiexpert/.git/objects/6b/d4c0888962c4d3c4afb7dc169847c3b9d962c8
Change detected /Users/rahulgupta/Frontent_aiexpert/.git/objects/4f/4f64035a4bd688df0babe18beb6c307bb40625
Change detected /Users/rahulgupta/Frontent_aiexpert/.git/objects/4e/1e4f6bace0174585be3b90812cccf88a185071
Change detected /Users/rahulgupta/Frontent_aiexpert/.git/objects/4e/fce3503318fe4ae68f35f226302b203b2f9656
Change detected /Users/rahulgupta/Frontent_aiexpert/.git/objects/4e/5b1bff3a1932f436e6347d2f64dabf1b724ab8
Change detected /Users/rahulgupta/Frontent_aiexpert/.git/objects/e3/9c4b4028782404487a3f65495fc84c8ef1634e
Change detected /Users/rahulgupta/Frontent_aiexpert/.git/objects/e3/b411f7884a0a78d180d156a83f23beeac38a50
Change detected /Users/rahulgupta/Frontent_aiexpert/.git/objects/71/40ec7ae4be2ddf0c4ff851262cadae76197cb8
Change detected /Users/rahulgupta/Frontent_aiexpert/.git/objects/3e/33acd827e8c7be2f7eabed0b4d83dbb8f4719e
Change detected /Users/rahulgupta/Frontent_aiexpert/.git/objects/1f/10f03f8f5997178d6db449662a1c7aa424b40a
Change detected /Users/rahulgupta/Frontent_aiexpert/.git/objects/b8/9aedd9ed2d8572dd55ee87e579e0439b6d05a5
Change detected /Users/rahulgupta/Frontent_aiexpert/.git/objects/69/a8d0f88035262a3abe18154ed4853ab2332c04
Change detected /Users/rahulgupta/Frontent_aiexpert/.git/objects/69/d8418c2396344f51fd3f4c9bf5daf6e6ab7a56
Change detected /Users/rahulgupta/Frontent_aiexpert/.git/objects/58/1b7f680df1749cd36545fe9c4aeb21de7b9fb0
Change detected /Users/rahulgupta/Frontent_aiexpert/.git/objects/58/465a7131062df71815bbe33709ee5b7de50c1c
Change detected /Users/rahulgupta/Frontent_aiexpert/.git/objects/58/a3575779e402c6f0a75f5b7fe3d18ec53220f2
Change detected /Users/rahulgupta/Frontent_aiexpert/.git/objects/6e/a1736c7b949bd9047fd9096de30cfc88ec75e3
Change detected /Users/rahulgupta/Frontent_aiexpert/.git/objects/7d/36d89734e515df15965068e3914298ac37010e
Change detected /Users/rahulgupta/Frontent_aiexpert/.git/objects/7d/c739489815410b83d9c0ab3879af04e3325abf
Change detected /Users/rahulgupta/Frontent_aiexpert/.git/objects/7d/22e1f9845563971c698c7455d1eaa60df72f09
Change detected /Users/rahulgupta/Frontent_aiexpert/.git/objects/fc/9098299f1a8f1deed1586fbbfdf67126232301
Change detected /Users/rahulgupta/Frontent_aiexpert/.git/objects/fc/90eccf8b36ef11493902df59a7beac35cb2dc6
Change detected /Users/rahulgupta/Frontent_aiexpert/.git/objects/fc/cbdde5382149636c37425372701feee9a64a5b
Change detected /Users/rahulgupta/Frontent_aiexpert/.git/objects/d3/7dec9a4c7e8e6cc78754bcf0dbd1ee13d95df6
Change detected /Users/rahulgupta/Frontent_aiexpert/.git/objects/d3/8218ab950037ecc493f2cc975f3c782157f2e7
Change detected /Users/rahulgupta/Frontent_aiexpert/.git/objects/d3/100bc06b01458f397c3e7855a32d265c54d601
Change detected /Users/rahulgupta/Frontent_aiexpert/.git/objects/cd/071dbc4c9b93eaeee632b8739df31fcd7a84c4
Change detected /Users/rahulgupta/Frontent_aiexpert/.git/objects/cd/f5fe6c2d31b829a2c4f78321bd60e4abb03d32
Change detected /Users/rahulgupta/Frontent_aiexpert/.git/objects/29/bd0071ad10cf46882839eb1f50951f7da31c96
Change detected /Users/rahulgupta/Frontent_aiexpert/.git/objects/01/20d14ece0a802290c766f460dee7c297fa71da
Change detected /Users/rahulgupta/Frontent_aiexpert/.git/objects/01/5eae0555fc0f6e949e7321a8dfac11bd5a412c
Change detected /Users/rahulgupta/Frontent_aiexpert/.git/objects/01/995e30f40cf16595b389e6800ecab77a64e38b
Change detected /Users/rahulgupta/Frontent_aiexpert/.git/objects/01/32068196f045d692b59c0cf8837dbd1c670ac9
Change detected /Users/rahulgupta/Frontent_aiexpert/.git/objects/b2/d27ecd692455901db0b28fa6a9758f978aaf4b
Change detected /Users/rahulgupta/Frontent_aiexpert/.git/objects/b2/1ad6ef15536773739c8f06754d700bebdf9068
Change detected /Users/rahulgupta/Frontent_aiexpert/.git/objects/41/96bfd3f6dea39766269e7b43b0acd834534f6b
Change detected /Users/rahulgupta/Frontent_aiexpert/.git/COMMIT_EDITMSG
Change detected /Users/rahulgupta/Frontent_aiexpert/.git/logs/HEAD
Change detected /Users/rahulgupta/Frontent_aiexpert/.git/logs/refs/heads/main
Change detected /Users/rahulgupta/Frontent_aiexpert/.git/objects/ee/30bf9ca7e4b7e8f5a10d979741243b9e1d9d45
Change detected /Users/rahulgupta/Frontent_aiexpert/.git/objects/ee
Change detected /Users/rahulgupta/Frontent_aiexpert/.git/index
Change detected /Users/rahulgupta/Frontent_aiexpert/.git/objects/bd/9df1b766b0dc3b7d0206234be58c60dbb162a7
Change detected /Users/rahulgupta/Frontent_aiexpert/.git/objects/bd
Change detected /Users/rahulgupta/Frontent_aiexpert/.git/refs/heads/main
Change detected /Users/rahulgupta/Frontent_aiexpert/.git/objects/bd/701b411f7bfc881df74ba108113c873ce41b6e
Change detected /Users/rahulgupta/Frontent_aiexpert/.git/objects/bd/db843266eac225ce2a451c805c5bd3e27c083f
Change detected /Users/rahulgupta/Frontent_aiexpert/.git/objects/bd/a4d094301dc5e1db1dbf12757b4e9dee92c550
Change detected /Users/rahulgupta/Frontent_aiexpert/.git/objects/ee/441173f4bbd1ebb0131b1c1d68cdfcb1500eef
Change detected /Users/rahulgupta/Frontent_aiexpert/.git/objects/ee/4810d555f8d1505581e7dd4d253996c8d0ea60
Change detected /Users/rahulgupta/Frontent_aiexpert/.git/objects/ee/94988906b63aedadbeff44aa17616843e15958
Change detected /Users/rahulgupta/Frontent_aiexpert/.git/logs/refs/remotes/origin/main
Change detected /Users/rahulgupta/Frontent_aiexpert/.git/refs/remotes/origin/main
Change detected /Users/rahulgupta/Frontent_aiexpert/service-financial-statements.html
Change detected /Users/rahulgupta/Frontent_aiexpert/service-financial-statements.html
Change detected /Users/rahulgupta/Frontent_aiexpert/gst-refund.html
Change detected /Users/rahulgupta/Frontent_aiexpert/gst-refund.html
Change detected /Users/rahulgupta/Frontent_aiexpert/gst-refund.html
[0mGET /favicon.ico [33m404[0m 49.170 ms - 150[0m
Change detected /Users/rahulgupta/Frontent_aiexpert/refund-calculator.html
Change detected /Users/rahulgupta/Frontent_aiexpert/refund-calculator.html
Change detected /Users/rahulgupta/Frontent_aiexpert/refund-calculator.html
CSS change detected /Users/rahulgupta/Frontent_aiexpert/refund-calculator.css
[0mGET /favicon.ico [33m404[0m 3.257 ms - 150[0m
Change detected /Users/rahulgupta/Frontent_aiexpert/refund-calculator.html
Change detected /Users/rahulgupta/Frontent_aiexpert/refund-calculator.html
Change detected /Users/rahulgupta/Frontent_aiexpert/refund-calculator.html
[0mGET /favicon.ico [33m404[0m 1.762 ms - 150[0m
Change detected /Users/rahulgupta/Frontent_aiexpert/refund-calculator.html
Change detected /Users/rahulgupta/Frontent_aiexpert/refund-calculator.html
[0mGET /favicon.ico [33m404[0m 1.005 ms - 150[0m
Change detected /Users/rahulgupta/Frontent_aiexpert/refund-calculator.html
[0mGET /favicon.ico [33m404[0m 2.141 ms - 150[0m
Change detected /Users/rahulgupta/Frontent_aiexpert/service-gst-refund-webview.html
Change detected /Users/rahulgupta/Frontent_aiexpert/service-gst-refund-webview.html
Change detected /Users/rahulgupta/Frontent_aiexpert/service-gst-refund-webview.html
Change detected /Users/rahulgupta/Frontent_aiexpert/refund-calculator.html
[0mGET /favicon.ico [33m404[0m 4.060 ms - 150[0m
Change detected /Users/rahulgupta/Frontent_aiexpert/service-gst-refund-webview.html
[0mGET /favicon.ico [33m404[0m 0.915 ms - 150[0m
Change detected /Users/rahulgupta/Frontent_aiexpert/service-gst-refund-webview.html
Change detected /Users/rahulgupta/Frontent_aiexpert/service-gst-refund-webview.html
Change detected /Users/rahulgupta/Frontent_aiexpert/service-gst-refund-webview.html
Change detected /Users/rahulgupta/Frontent_aiexpert/tool-gstr2b-vs-pr.html
Change detected /Users/rahulgupta/Frontent_aiexpert/tool-gstr2b-vs-pr.html
Change detected /Users/rahulgupta/Frontent_aiexpert/service-gst-refund-webview.html
[0mGET /favicon.ico [33m404[0m 4.279 ms - 150[0m
Change detected /Users/rahulgupta/Frontent_aiexpert/tool-einv-vs-sr.html
[0mGET /favicon.ico [33m404[0m 4.669 ms - 150[0m
Change detected /Users/rahulgupta/Frontent_aiexpert/tool-einv-vs-sr.html
Change detected /Users/rahulgupta/Frontent_aiexpert/service-gst-refund-webview.html
Change detected /Users/rahulgupta/Frontent_aiexpert/service-gst-refund-webview.html
Change detected /Users/rahulgupta/Frontent_aiexpert/service-gst-refund-webview.html
Change detected /Users/rahulgupta/Frontent_aiexpert/service-gst-refund-webview.html
Change detected /Users/rahulgupta/Frontent_aiexpert/service-gst-refund-webview.html
Change detected /Users/rahulgupta/Frontent_aiexpert/service-gst-refund-webview.html
[0mGET /favicon.ico [33m404[0m 11.390 ms - 150[0m
[0mGET /favicon.ico [33m404[0m 0.452 ms - 150[0m
Change detected /Users/rahulgupta/Frontent_aiexpert/fy-utils.js
Change detected /Users/rahulgupta/Frontent_aiexpert/fy-utils.js
Change detected /Users/rahulgupta/Frontent_aiexpert/.git/FETCH_HEAD
Change detected /Users/rahulgupta/Frontent_aiexpert/.git/objects/b4/tmp_obj_z92vnF
Change detected /Users/rahulgupta/Frontent_aiexpert/.git/objects/b0
Change detected /Users/rahulgupta/Frontent_aiexpert/.git/objects/b0/a0d54f06985f5ecf22a4d125043b2d590e8d1c
Change detected /Users/rahulgupta/Frontent_aiexpert/.git/objects/11
Change detected /Users/rahulgupta/Frontent_aiexpert/.git/objects/11/bee2b3eddc6367d8ba458601a8cd1ab4f1f40a
Change detected /Users/rahulgupta/Frontent_aiexpert/.git/objects/b4/85ea57fca0f9bfb4098adfae229d44cb02942a
Change detected /Users/rahulgupta/Frontent_aiexpert/.git/objects/b4
Change detected /Users/rahulgupta/Frontent_aiexpert/.git/objects/b0/0e7389211001a4a96d7db277685837858f2b01
Change detected /Users/rahulgupta/Frontent_aiexpert/.git/objects/11/202d46183470dd9a949883491cbcf508ba3a99
Change detected /Users/rahulgupta/Frontent_aiexpert/.git/objects/b4/tmp_obj_z92vnF
Change detected /Users/rahulgupta/Frontent_aiexpert/.git/logs/refs/remotes/origin/main
Change detected /Users/rahulgupta/Frontent_aiexpert/.git/FETCH_HEAD
Change detected /Users/rahulgupta/Frontent_aiexpert/.git/objects/e3/7a1490a743fdfb92477dba34d03e89b1ee19e2
Change detected /Users/rahulgupta/Frontent_aiexpert/.git/objects/e3
Change detected /Users/rahulgupta/Frontent_aiexpert/.git/objects/1b/1d79af786e44b19ddc59eb2d2272db9c8e61b9
Change detected /Users/rahulgupta/Frontent_aiexpert/.git/objects/1b
Change detected /Users/rahulgupta/Frontent_aiexpert/.git/objects/ea/c8d78297d0cd4496d8295a4622341aa002c106
Change detected /Users/rahulgupta/Frontent_aiexpert/.git/objects/ea
Change detected /Users/rahulgupta/Frontent_aiexpert/.git/objects/58
Change detected /Users/rahulgupta/Frontent_aiexpert/.git/objects/58/ce202382f54b8521e04cf621d191f97b878bf6
Change detected /Users/rahulgupta/Frontent_aiexpert/.git/objects/86
Change detected /Users/rahulgupta/Frontent_aiexpert/.git/objects/86/cad37834a9d5b91649d4e808c295c82e0899d9
Change detected /Users/rahulgupta/Frontent_aiexpert/.git/objects/d0
Change detected /Users/rahulgupta/Frontent_aiexpert/.git/objects/d0/03be0f8278594a4a03a01f333568e9bc449346
Change detected /Users/rahulgupta/Frontent_aiexpert/.git/objects/0e/430795eba60fe750a71416a99d4d2dbc186185
Change detected /Users/rahulgupta/Frontent_aiexpert/.git/objects/0e
Change detected /Users/rahulgupta/Frontent_aiexpert/.git/objects/39
Change detected /Users/rahulgupta/Frontent_aiexpert/.git/objects/39/2edac382a5b10027371649bce51f3f8867d583
Change detected /Users/rahulgupta/Frontent_aiexpert/.git/objects/90/ff026cca6c48944655a9704dcfd0485039c08a
Change detected /Users/rahulgupta/Frontent_aiexpert/.git/objects/90
Change detected /Users/rahulgupta/Frontent_aiexpert/.git/objects/f8/5835bf6a23fc7a20698841925ca5fd1c77fa53
Change detected /Users/rahulgupta/Frontent_aiexpert/.git/objects/f8
Change detected /Users/rahulgupta/Frontent_aiexpert/.git/objects/a7/89a4720a80fc0e998632f143970f8aac001c64
Change detected /Users/rahulgupta/Frontent_aiexpert/.git/objects/a7
Change detected /Users/rahulgupta/Frontent_aiexpert/.git/objects/fd
Change detected /Users/rahulgupta/Frontent_aiexpert/.git/objects/fd/9bd8fd543cbfa4ea326347d1f227919d620e8b
Change detected /Users/rahulgupta/Frontent_aiexpert/.git/objects/ae
Change detected /Users/rahulgupta/Frontent_aiexpert/.git/objects/ae/16e981662137136799b917d7f7027eb45b4cd7
Change detected /Users/rahulgupta/Frontent_aiexpert/.git/refs/remotes/origin/main
Change detected /Users/rahulgupta/Frontent_aiexpert/.git/ORIG_HEAD
Change detected /Users/rahulgupta/Frontent_aiexpert/.git/ORIG_HEAD
Change detected /Users/rahulgupta/Frontent_aiexpert/.git/objects/1b/885a2a7b87ef9be3610ad6eee99c4c9aa00d02
Change detected /Users/rahulgupta/Frontent_aiexpert/.git/objects/1b/9ac7a33a7b4892fc5bb8a61e52ad64c29fdaf0
Change detected /Users/rahulgupta/Frontent_aiexpert/.git/objects/86/9201c63b1ec20cff0e136351eb636b2c8dafb2
Change detected /Users/rahulgupta/Frontent_aiexpert/.git/objects/d0/bec0c057c87add3e50d28f9bd141790bd0d5be
Change detected /Users/rahulgupta/Frontent_aiexpert/.git/objects/d0/985b6b364404289200a9c9564b1b8ddd905116
Change detected /Users/rahulgupta/Frontent_aiexpert/.git/objects/0e/9e45b8e0abc3c7d5a80b5c9b7c1db652f65317
Change detected /Users/rahulgupta/Frontent_aiexpert/.git/objects/0e/175fa9df0f6dbd5e78c153ddc05952cf520893
Change detected /Users/rahulgupta/Frontent_aiexpert/.git/objects/0e/57e11034e588900910930572b3d45b9bedd4b8
Change detected /Users/rahulgupta/Frontent_aiexpert/.git/objects/39/0e630e65211702402c864af092d70dfa959d87
Change detected /Users/rahulgupta/Frontent_aiexpert/.git/objects/39/88a73b60eac895bc3169c724b1b228445705b3
Change detected /Users/rahulgupta/Frontent_aiexpert/.git/objects/39/efb9fa27043ff7f3959583cb620a65af27fb99
Change detected /Users/rahulgupta/Frontent_aiexpert/.git/objects/39/ce4d5d909ebc8269c2f6674d40759b2691919c
Change detected /Users/rahulgupta/Frontent_aiexpert/.git/objects/f8/800fe50774d8a8630ce9f99ab46103441f035f
Change detected /Users/rahulgupta/Frontent_aiexpert/.git/objects/f8/ba6dcc4b200c3717bf092e32903f7cb4c80846
Change detected /Users/rahulgupta/Frontent_aiexpert/.git/objects/ea/f38dfbe130b4b0d57182fc5ab9cdf83dfd6687
Change detected /Users/rahulgupta/Frontent_aiexpert/.git/objects/ea/8664237128fffa4ca00ea0ee0946ce90945ffa
Change detected /Users/rahulgupta/Frontent_aiexpert/.git/objects/ae/5b3c0f7ea15b0626ce4d3680e5dc41bca085ad
Change detected /Users/rahulgupta/Frontent_aiexpert/.git/objects/ae/b3878d7fa1d04c590cbdfb0dd74169d9d10ca2
Change detected /Users/rahulgupta/Frontent_aiexpert/.git/objects/a7/91446d18ca5d204e6d139b710467fda6a0fb60
Change detected /Users/rahulgupta/Frontent_aiexpert/.git/objects/a7/c033be22f5d15a4c5e3150385e923256b8b327
Change detected /Users/rahulgupta/Frontent_aiexpert/.git/objects/fd/0b5a2a4ba398029eeea78324fd3624c371dece
Change detected /Users/rahulgupta/Frontent_aiexpert/.git/objects/fd/a5e1eafe251d3fcb714b5ff0e0aee07dc855e8
Change detected /Users/rahulgupta/Frontent_aiexpert/.git/objects/fd/f76cd4339042d7b8dc01eb1920634e6707d708
Change detected /Users/rahulgupta/Frontent_aiexpert/.git/objects/fd/c8d8e1fe4b31fa57ca8481dbe34179518124fb
